#
# There is insufficient memory for the Java Runtime Environment to continue.
# Native memory allocation (mmap) failed to map 134217728 bytes for Failed to commit area from 0x0000000081400000 to 0x0000000089400000 of length 134217728.
# Possible reasons:
#   The system is out of physical RAM or swap space
#   The process is running with CompressedOops enabled, and the Java Heap may be blocking the growth of the native heap
# Possible solutions:
#   Reduce memory load on the system
#   Increase physical memory or swap space
#   Check if swap backing store is full
#   Decrease Java heap size (-Xmx/-Xms)
#   Decrease number of Java threads
#   Decrease Java thread stack sizes (-Xss)
#   Set larger code cache with -XX:ReservedCodeCacheSize=
# This output file may be truncated or incomplete.
#
#  Out of Memory Error (./open/src/hotspot/os/windows/os_windows.cpp:3287), pid=22000, tid=3184
#
# JRE version:  (11.0.16.1+1) (build )
# Java VM: Java HotSpot(TM) 64-Bit Server VM (11.0.16.1+1-LTS-1, mixed mode, sharing, tiered, compressed oops, g1 gc, windows-amd64)
# No core dump will be written. Minidumps are not enabled by default on client versions of Windows
#

---------------  S U M M A R Y ------------

Command Line: -Dfile.encoding=UTF-8 --module-path=C:\Users\ahmad\eclipse-workspace\transformersClass\bin -Djdk.module.main=transformersClass transformersClass/learningonmyowntime.VendingMachine

Host: Intel(R) Core(TM) i5-7300U CPU @ 2.60GHz, 4 cores, 7G,  Windows 10 , 64 bit Build 19041 (10.0.19041.1889)
Time: Sun Nov 27 22:23:32 2022 Eastern Standard Time elapsed time: 0.041205 seconds (0d 0h 0m 0s)

---------------  T H R E A D  ---------------

Current thread (0x000001871cca2800):  JavaThread "Unknown thread" [_thread_in_vm, id=3184, stack(0x0000002b84000000,0x0000002b84100000)]

Stack: [0x0000002b84000000,0x0000002b84100000]
Native frames: (J=compiled Java code, j=interpreted, Vv=VM code, C=native code)
V  [jvm.dll+0x62a3da]
V  [jvm.dll+0x76407f]
V  [jvm.dll+0x765729]
V  [jvm.dll+0x765db3]
V  [jvm.dll+0x23dc18]
V  [jvm.dll+0x6276fa]
V  [jvm.dll+0x61c465]
V  [jvm.dll+0x2f2c2c]
V  [jvm.dll+0x2f2ab2]
V  [jvm.dll+0x2f77d6]
V  [jvm.dll+0x33a1df]
V  [jvm.dll+0x339c10]
V  [jvm.dll+0x2d0248]
V  [jvm.dll+0x2d13b6]
V  [jvm.dll+0x73e647]
V  [jvm.dll+0x73fedf]
V  [jvm.dll+0x346f09]
V  [jvm.dll+0x723f50]
V  [jvm.dll+0x3b5aef]
V  [jvm.dll+0x3b7c01]
C  [jli.dll+0x5207]
C  [ucrtbase.dll+0x21bb2]
C  [KERNEL32.DLL+0x17034]
C  [ntdll.dll+0x526a1]


---------------  P R O C E S S  ---------------

Threads class SMR info:
_java_thread_list=0x000001871b322fc0, length=0, elements={
}

Java Threads: ( => current thread )

Other Threads:
  0x000001871ccb9000 GCTaskThread "GC Thread#0" [stack: 0x0000002b84100000,0x0000002b84200000] [id=9628]
  0x000001871cced800 ConcurrentGCThread "G1 Main Marker" [stack: 0x0000002b84200000,0x0000002b84300000] [id=13784]
  0x000001871ccee800 ConcurrentGCThread "G1 Conc#0" [stack: 0x0000002b84300000,0x0000002b84400000] [id=11468]

[error occurred during error reporting (printing all threads), id 0xc0000005, EXCEPTION_ACCESS_VIOLATION (0xc0000005) at pc=0x00007ff93c5bf4d7]

VM state:not at safepoint (not fully initialized)

VM Mutex/Monitor currently owned by a thread:  ([mutex/lock_event])
[0x000001871cca1490] Heap_lock - owner thread: 0x000001871cca2800

Heap address: 0x0000000081400000, size: 2028 MB, Compressed Oops mode: Non-zero based: 0x0000000081400000
Narrow klass base: 0x0000000000000000, Narrow klass shift: 0

GC Heap History (0 events):
No events

Deoptimization events (0 events):
No events

Classes redefined (0 events):
No events

Internal exceptions (0 events):
No events

Events (0 events):
No events


Dynamic libraries:
0x00007ff7919e0000 - 0x00007ff7919ef000 	C:\Program Files\Java\jdk-11.0.16.1\bin\javaw.exe
0x00007ff9caa50000 - 0x00007ff9cac48000 	C:\WINDOWS\SYSTEM32\ntdll.dll
0x00007ff9ca4d0000 - 0x00007ff9ca58d000 	C:\WINDOWS\System32\KERNEL32.DLL
0x00007ff9c87d0000 - 0x00007ff9c8aa2000 	C:\WINDOWS\System32\KERNELBASE.dll
0x00007ff9c8160000 - 0x00007ff9c8260000 	C:\WINDOWS\System32\ucrtbase.dll
0x00007ff9bbac0000 - 0x00007ff9bbad8000 	C:\Program Files\Java\jdk-11.0.16.1\bin\jli.dll
0x00007ff9c8e70000 - 0x00007ff9c8f1e000 	C:\WINDOWS\System32\ADVAPI32.dll
0x00007ff9bd540000 - 0x00007ff9bd555000 	C:\Program Files\Java\jdk-11.0.16.1\bin\VCRUNTIME140.dll
0x00007ff9c8d40000 - 0x00007ff9c8dde000 	C:\WINDOWS\System32\msvcrt.dll
0x00007ff9ca910000 - 0x00007ff9ca9ac000 	C:\WINDOWS\System32\sechost.dll
0x00007ff9c9660000 - 0x00007ff9c9785000 	C:\WINDOWS\System32\RPCRT4.dll
0x00007ff9c8ff0000 - 0x00007ff9c918d000 	C:\WINDOWS\System32\USER32.dll
0x00007ff9c8610000 - 0x00007ff9c8632000 	C:\WINDOWS\System32\win32u.dll
0x00007ff9c8f20000 - 0x00007ff9c8f4b000 	C:\WINDOWS\System32\GDI32.dll
0x00007ff9c8290000 - 0x00007ff9c839f000 	C:\WINDOWS\System32\gdi32full.dll
0x00007ff9c8500000 - 0x00007ff9c859d000 	C:\WINDOWS\System32\msvcp_win.dll
0x00007ff9ac6d0000 - 0x00007ff9ac96a000 	C:\WINDOWS\WinSxS\amd64_microsoft.windows.common-controls_6595b64144ccf1df_6.0.19041.1110_none_60b5254171f9507e\COMCTL32.dll
0x00007ff9baee0000 - 0x00007ff9baeea000 	C:\WINDOWS\SYSTEM32\VERSION.dll
0x00007ff9ca240000 - 0x00007ff9ca270000 	C:\WINDOWS\System32\IMM32.DLL
0x00007ff9a9190000 - 0x00007ff9a922b000 	C:\Program Files\Java\jdk-11.0.16.1\bin\msvcp140.dll
0x00007ff93c2e0000 - 0x00007ff93cdf8000 	C:\Program Files\Java\jdk-11.0.16.1\bin\server\jvm.dll
0x00007ff9c8e60000 - 0x00007ff9c8e68000 	C:\WINDOWS\System32\PSAPI.DLL
0x00007ff9af710000 - 0x00007ff9af719000 	C:\WINDOWS\SYSTEM32\WSOCK32.dll
0x00007ff9c8c70000 - 0x00007ff9c8cdb000 	C:\WINDOWS\System32\WS2_32.dll
0x00007ff9a44e0000 - 0x00007ff9a4507000 	C:\WINDOWS\SYSTEM32\WINMM.dll
0x00007ff9c5fc0000 - 0x00007ff9c5fd2000 	C:\WINDOWS\SYSTEM32\kernel.appcore.dll
0x00007ff9bbab0000 - 0x00007ff9bbac0000 	C:\Program Files\Java\jdk-11.0.16.1\bin\verify.dll
0x00007ff9bfe10000 - 0x00007ff9bfff4000 	C:\WINDOWS\SYSTEM32\DBGHELP.DLL
0x00007ff9bb340000 - 0x00007ff9bb36c000 	C:\WINDOWS\SYSTEM32\dbgcore.DLL
0x00007ff9c8740000 - 0x00007ff9c87c2000 	C:\WINDOWS\System32\bcryptPrimitives.dll
0x00007ff9a5760000 - 0x00007ff9a5788000 	C:\Program Files\Java\jdk-11.0.16.1\bin\java.dll
0x00007ff9bb8d0000 - 0x00007ff9bb8da000 	C:\Program Files\Java\jdk-11.0.16.1\bin\jimage.dll
0x00007ff9a6dc0000 - 0x00007ff9a6dd6000 	C:\Program Files\Java\jdk-11.0.16.1\bin\zip.dll

dbghelp: loaded successfully - version: 4.0.5 - missing functions: none
symbol engine: initialized successfully - sym options: 0x614 - pdb path: .;C:\Program Files\Java\jdk-11.0.16.1\bin;C:\WINDOWS\SYSTEM32;C:\WINDOWS\WinSxS\amd64_microsoft.windows.common-controls_6595b64144ccf1df_6.0.19041.1110_none_60b5254171f9507e;C:\Program Files\Java\jdk-11.0.16.1\bin\server

VM Arguments:
jvm_args: -Dfile.encoding=UTF-8 --module-path=C:\Users\ahmad\eclipse-workspace\transformersClass\bin -Djdk.module.main=transformersClass 
java_command: transformersClass/learningonmyowntime.VendingMachine
java_class_path (initial): <not set>
Launcher Type: SUN_STANDARD

[Global flags]
     intx CICompilerCount                          = 3                                         {product} {ergonomic}
     uint ConcGCThreads                            = 1                                         {product} {ergonomic}
     uint G1ConcRefinementThreads                  = 4                                         {product} {ergonomic}
   size_t G1HeapRegionSize                         = 1048576                                   {product} {ergonomic}
    uintx GCDrainStackTargetSize                   = 64                                        {product} {ergonomic}
   size_t InitialHeapSize                          = 134217728                                 {product} {ergonomic}
   size_t MarkStackSize                            = 4194304                                   {product} {ergonomic}
   size_t MaxHeapSize                              = 2126512128                                {product} {ergonomic}
   size_t MinHeapDeltaBytes                        = 1048576                                   {product} {ergonomic}
    uintx NonNMethodCodeHeapSize                   = 5830732                                {pd product} {ergonomic}
    uintx NonProfiledCodeHeapSize                  = 122913754                              {pd product} {ergonomic}
    uintx ProfiledCodeHeapSize                     = 122913754                              {pd product} {ergonomic}
    uintx ReservedCodeCacheSize                    = 251658240                              {pd product} {ergonomic}
     bool SegmentedCodeCache                       = true                                      {product} {ergonomic}
     bool UseCompressedClassPointers               = true                                 {lp64_product} {ergonomic}
     bool UseCompressedOops                        = true                                 {lp64_product} {ergonomic}
     bool UseG1GC                                  = true                                      {product} {ergonomic}
     bool UseLargePagesIndividualAllocation        = false                                  {pd product} {ergonomic}

Logging:
Log output configuration:
 #0: stdout all=warning uptime,level,tags
 #1: stderr all=off uptime,level,tags

Environment Variables:
PATH=C:/Users/ahmad/.p2/pool/plugins/org.eclipse.justj.openjdk.hotspot.jre.full.win32.x86_64_17.0.4.v20221004-1257/jre/bin/server;C:/Users/ahmad/.p2/pool/plugins/org.eclipse.justj.openjdk.hotspot.jre.full.win32.x86_64_17.0.4.v20221004-1257/jre/bin;C:\Program Files\Common Files\Oracle\Java\javapath;C:\WINDOWS\system32;C:\WINDOWS;C:\WINDOWS\System32\Wbem;C:\WINDOWS\System32\WindowsPowerShell\v1.0\;C:\WINDOWS\System32\OpenSSH\;C:\Users\ahmad\AppData\Local\Microsoft\WindowsApps;;C:\WINDOWS\system32;
USERNAME=ahmad
OS=Windows_NT
PROCESSOR_IDENTIFIER=Intel64 Family 6 Model 142 Stepping 9, GenuineIntel



---------------  S Y S T E M  ---------------

OS: Windows 10 , 64 bit Build 19041 (10.0.19041.1889)
Hyper-V role detected

CPU:total 4 (initial active 4) (2 cores per cpu, 2 threads per core) family 6 model 142 stepping 9 microcode 0xf0, cmov, cx8, fxsr, mmx, sse, sse2, sse3, ssse3, sse4.1, sse4.2, popcnt, avx, avx2, aes, clmul, erms, rtm, 3dnowpref, lzcnt, ht, tsc, tscinvbit, bmi1, bmi2, adx, fma

Memory: 4k page, system-wide physical 8109M (845M free)
TotalPageFile size 23216M (AvailPageFile size 43M)
current process WorkingSet (physical memory assigned to process): 10M, peak: 10M
current process commit charge ("private bytes"): 51M, peak: 179M

vm_info: Java HotSpot(TM) 64-Bit Server VM (11.0.16.1+1-LTS-1) for windows-amd64 JRE (11.0.16.1+1-LTS-1), built on Aug 16 2022 01:46:01 by "mach5one" with MS VC++ 15.9 (VS2017)

END.
